2023-01-25 12:15:52,021 [PID 1945] DEBUG Using selector: KqueueSelector
2023-01-25 12:15:52,021 [PID 1945] INFO Reading Pyre server configurations...
2023-01-25 12:15:52,021 [PID 1945] INFO No binary specified, looking for `pyre.bin` in PATH
2023-01-25 12:15:52,024 [PID 1945] ERROR Uncaught error in persistent.run
Traceback (most recent call last):
  File "/Users/annieehler/.local/share/nvim/mason/packages/pyre/venv/lib/python3.11/site-packages/pyre_check/client/commands/persistent.py", line 502, in run
    return asyncio.get_event_loop().run_until_complete(
           ^^^^^^^^^^^^^^^^^^^^^^^^^^^^^^^^^^^^^^^^^^^^
  File "/Users/annieehler/.pyenv/versions/3.11.1/lib/python3.11/asyncio/base_events.py", line 653, in run_until_complete
    return future.result()
           ^^^^^^^^^^^^^^^
  File "/Users/annieehler/.local/share/nvim/mason/packages/pyre/venv/lib/python3.11/site-packages/pyre_check/client/commands/persistent.py", line 436, in run_persistent
    initial_server_options = launch_and_subscribe_handler.PyreDaemonLaunchAndSubscribeHandler.read_server_options(
                             ^^^^^^^^^^^^^^^^^^^^^^^^^^^^^^^^^^^^^^^^^^^^^^^^^^^^^^^^^^^^^^^^^^^^^^^^^^^^^^^^^^^^^
  File "/Users/annieehler/.local/share/nvim/mason/packages/pyre/venv/lib/python3.11/site-packages/pyre_check/client/commands/launch_and_subscribe_handler.py", line 120, in read_server_options
    return server_options_reader()
           ^^^^^^^^^^^^^^^^^^^^^^^
  File "/Users/annieehler/.local/share/nvim/mason/packages/pyre/venv/lib/python3.11/site-packages/pyre_check/client/commands/pyre_server_options.py", line 93, in read
    return PyreServerOptions.create(
           ^^^^^^^^^^^^^^^^^^^^^^^^^
  File "/Users/annieehler/.local/share/nvim/mason/packages/pyre/venv/lib/python3.11/site-packages/pyre_check/client/commands/pyre_server_options.py", line 60, in create
    raise configuration_module.InvalidConfiguration(
pyre_check.client.configuration.exceptions.InvalidConfiguration: Invalid configuration: Cannot locate a Pyre binary to run.
2023-01-30 17:28:01,226 [PID 15716] DEBUG Using selector: KqueueSelector
2023-01-30 17:28:01,227 [PID 15716] INFO Reading Pyre server configurations...
2023-01-30 17:28:01,227 [PID 15716] INFO No binary specified, looking for `pyre.bin` in PATH
2023-01-30 17:28:01,229 [PID 15716] ERROR Uncaught error in persistent.run
Traceback (most recent call last):
  File "/Users/annieehler/.local/share/nvim/mason/packages/pyre/venv/lib/python3.11/site-packages/pyre_check/client/commands/persistent.py", line 502, in run
    return asyncio.get_event_loop().run_until_complete(
           ^^^^^^^^^^^^^^^^^^^^^^^^^^^^^^^^^^^^^^^^^^^^
  File "/Users/annieehler/.pyenv/versions/3.11.1/lib/python3.11/asyncio/base_events.py", line 653, in run_until_complete
    return future.result()
           ^^^^^^^^^^^^^^^
  File "/Users/annieehler/.local/share/nvim/mason/packages/pyre/venv/lib/python3.11/site-packages/pyre_check/client/commands/persistent.py", line 436, in run_persistent
    initial_server_options = launch_and_subscribe_handler.PyreDaemonLaunchAndSubscribeHandler.read_server_options(
                             ^^^^^^^^^^^^^^^^^^^^^^^^^^^^^^^^^^^^^^^^^^^^^^^^^^^^^^^^^^^^^^^^^^^^^^^^^^^^^^^^^^^^^
  File "/Users/annieehler/.local/share/nvim/mason/packages/pyre/venv/lib/python3.11/site-packages/pyre_check/client/commands/launch_and_subscribe_handler.py", line 120, in read_server_options
    return server_options_reader()
           ^^^^^^^^^^^^^^^^^^^^^^^
  File "/Users/annieehler/.local/share/nvim/mason/packages/pyre/venv/lib/python3.11/site-packages/pyre_check/client/commands/pyre_server_options.py", line 93, in read
    return PyreServerOptions.create(
           ^^^^^^^^^^^^^^^^^^^^^^^^^
  File "/Users/annieehler/.local/share/nvim/mason/packages/pyre/venv/lib/python3.11/site-packages/pyre_check/client/commands/pyre_server_options.py", line 60, in create
    raise configuration_module.InvalidConfiguration(
pyre_check.client.configuration.exceptions.InvalidConfiguration: Invalid configuration: Cannot locate a Pyre binary to run.
2023-01-30 17:39:03,966 [PID 20362] DEBUG Using selector: KqueueSelector
2023-01-30 17:39:03,967 [PID 20362] INFO Reading Pyre server configurations...
2023-01-30 17:39:03,967 [PID 20362] INFO No binary specified, looking for `pyre.bin` in PATH
2023-01-30 17:39:03,969 [PID 20362] ERROR Uncaught error in persistent.run
Traceback (most recent call last):
  File "/Users/annieehler/.local/share/nvim/mason/packages/pyre/venv/lib/python3.11/site-packages/pyre_check/client/commands/persistent.py", line 502, in run
    return asyncio.get_event_loop().run_until_complete(
           ^^^^^^^^^^^^^^^^^^^^^^^^^^^^^^^^^^^^^^^^^^^^
  File "/Users/annieehler/.pyenv/versions/3.11.1/lib/python3.11/asyncio/base_events.py", line 653, in run_until_complete
    return future.result()
           ^^^^^^^^^^^^^^^
  File "/Users/annieehler/.local/share/nvim/mason/packages/pyre/venv/lib/python3.11/site-packages/pyre_check/client/commands/persistent.py", line 436, in run_persistent
    initial_server_options = launch_and_subscribe_handler.PyreDaemonLaunchAndSubscribeHandler.read_server_options(
                             ^^^^^^^^^^^^^^^^^^^^^^^^^^^^^^^^^^^^^^^^^^^^^^^^^^^^^^^^^^^^^^^^^^^^^^^^^^^^^^^^^^^^^
  File "/Users/annieehler/.local/share/nvim/mason/packages/pyre/venv/lib/python3.11/site-packages/pyre_check/client/commands/launch_and_subscribe_handler.py", line 120, in read_server_options
    return server_options_reader()
           ^^^^^^^^^^^^^^^^^^^^^^^
  File "/Users/annieehler/.local/share/nvim/mason/packages/pyre/venv/lib/python3.11/site-packages/pyre_check/client/commands/pyre_server_options.py", line 93, in read
    return PyreServerOptions.create(
           ^^^^^^^^^^^^^^^^^^^^^^^^^
  File "/Users/annieehler/.local/share/nvim/mason/packages/pyre/venv/lib/python3.11/site-packages/pyre_check/client/commands/pyre_server_options.py", line 60, in create
    raise configuration_module.InvalidConfiguration(
pyre_check.client.configuration.exceptions.InvalidConfiguration: Invalid configuration: Cannot locate a Pyre binary to run.
2023-01-30 18:29:06,294 [PID 68376] DEBUG Using selector: KqueueSelector
2023-01-30 18:29:06,294 [PID 68376] INFO Reading Pyre server configurations...
2023-01-30 18:29:06,294 [PID 68376] INFO No binary specified, looking for `pyre.bin` in PATH
2023-01-30 18:29:06,298 [PID 68376] ERROR Uncaught error in persistent.run
Traceback (most recent call last):
  File "/Users/annieehler/.local/share/nvim/mason/packages/pyre/venv/lib/python3.11/site-packages/pyre_check/client/commands/persistent.py", line 502, in run
    return asyncio.get_event_loop().run_until_complete(
           ^^^^^^^^^^^^^^^^^^^^^^^^^^^^^^^^^^^^^^^^^^^^
  File "/Users/annieehler/.pyenv/versions/3.11.1/lib/python3.11/asyncio/base_events.py", line 653, in run_until_complete
    return future.result()
           ^^^^^^^^^^^^^^^
  File "/Users/annieehler/.local/share/nvim/mason/packages/pyre/venv/lib/python3.11/site-packages/pyre_check/client/commands/persistent.py", line 436, in run_persistent
    initial_server_options = launch_and_subscribe_handler.PyreDaemonLaunchAndSubscribeHandler.read_server_options(
                             ^^^^^^^^^^^^^^^^^^^^^^^^^^^^^^^^^^^^^^^^^^^^^^^^^^^^^^^^^^^^^^^^^^^^^^^^^^^^^^^^^^^^^
  File "/Users/annieehler/.local/share/nvim/mason/packages/pyre/venv/lib/python3.11/site-packages/pyre_check/client/commands/launch_and_subscribe_handler.py", line 120, in read_server_options
    return server_options_reader()
           ^^^^^^^^^^^^^^^^^^^^^^^
  File "/Users/annieehler/.local/share/nvim/mason/packages/pyre/venv/lib/python3.11/site-packages/pyre_check/client/commands/pyre_server_options.py", line 93, in read
    return PyreServerOptions.create(
           ^^^^^^^^^^^^^^^^^^^^^^^^^
  File "/Users/annieehler/.local/share/nvim/mason/packages/pyre/venv/lib/python3.11/site-packages/pyre_check/client/commands/pyre_server_options.py", line 60, in create
    raise configuration_module.InvalidConfiguration(
pyre_check.client.configuration.exceptions.InvalidConfiguration: Invalid configuration: Cannot locate a Pyre binary to run.
2023-01-30 18:29:46,472 [PID 68713] DEBUG Using selector: KqueueSelector
2023-01-30 18:29:46,473 [PID 68713] INFO Reading Pyre server configurations...
2023-01-30 18:29:46,473 [PID 68713] INFO No binary specified, looking for `pyre.bin` in PATH
2023-01-30 18:29:46,475 [PID 68713] ERROR Uncaught error in persistent.run
Traceback (most recent call last):
  File "/Users/annieehler/.local/share/nvim/mason/packages/pyre/venv/lib/python3.11/site-packages/pyre_check/client/commands/persistent.py", line 502, in run
    return asyncio.get_event_loop().run_until_complete(
           ^^^^^^^^^^^^^^^^^^^^^^^^^^^^^^^^^^^^^^^^^^^^
  File "/Users/annieehler/.pyenv/versions/3.11.1/lib/python3.11/asyncio/base_events.py", line 653, in run_until_complete
    return future.result()
           ^^^^^^^^^^^^^^^
  File "/Users/annieehler/.local/share/nvim/mason/packages/pyre/venv/lib/python3.11/site-packages/pyre_check/client/commands/persistent.py", line 436, in run_persistent
    initial_server_options = launch_and_subscribe_handler.PyreDaemonLaunchAndSubscribeHandler.read_server_options(
                             ^^^^^^^^^^^^^^^^^^^^^^^^^^^^^^^^^^^^^^^^^^^^^^^^^^^^^^^^^^^^^^^^^^^^^^^^^^^^^^^^^^^^^
  File "/Users/annieehler/.local/share/nvim/mason/packages/pyre/venv/lib/python3.11/site-packages/pyre_check/client/commands/launch_and_subscribe_handler.py", line 120, in read_server_options
    return server_options_reader()
           ^^^^^^^^^^^^^^^^^^^^^^^
  File "/Users/annieehler/.local/share/nvim/mason/packages/pyre/venv/lib/python3.11/site-packages/pyre_check/client/commands/pyre_server_options.py", line 93, in read
    return PyreServerOptions.create(
           ^^^^^^^^^^^^^^^^^^^^^^^^^
  File "/Users/annieehler/.local/share/nvim/mason/packages/pyre/venv/lib/python3.11/site-packages/pyre_check/client/commands/pyre_server_options.py", line 60, in create
    raise configuration_module.InvalidConfiguration(
pyre_check.client.configuration.exceptions.InvalidConfiguration: Invalid configuration: Cannot locate a Pyre binary to run.
2023-01-30 18:31:35,174 [PID 72547] DEBUG Using selector: KqueueSelector
2023-01-30 18:31:35,174 [PID 72547] INFO Reading Pyre server configurations...
2023-01-30 18:31:35,175 [PID 72547] INFO No binary specified, looking for `pyre.bin` in PATH
2023-01-30 18:31:35,178 [PID 72547] ERROR Uncaught error in persistent.run
Traceback (most recent call last):
  File "/Users/annieehler/.local/share/nvim/mason/packages/pyre/venv/lib/python3.11/site-packages/pyre_check/client/commands/persistent.py", line 502, in run
    return asyncio.get_event_loop().run_until_complete(
           ^^^^^^^^^^^^^^^^^^^^^^^^^^^^^^^^^^^^^^^^^^^^
  File "/Users/annieehler/.pyenv/versions/3.11.1/lib/python3.11/asyncio/base_events.py", line 653, in run_until_complete
    return future.result()
           ^^^^^^^^^^^^^^^
  File "/Users/annieehler/.local/share/nvim/mason/packages/pyre/venv/lib/python3.11/site-packages/pyre_check/client/commands/persistent.py", line 436, in run_persistent
    initial_server_options = launch_and_subscribe_handler.PyreDaemonLaunchAndSubscribeHandler.read_server_options(
                             ^^^^^^^^^^^^^^^^^^^^^^^^^^^^^^^^^^^^^^^^^^^^^^^^^^^^^^^^^^^^^^^^^^^^^^^^^^^^^^^^^^^^^
  File "/Users/annieehler/.local/share/nvim/mason/packages/pyre/venv/lib/python3.11/site-packages/pyre_check/client/commands/launch_and_subscribe_handler.py", line 120, in read_server_options
    return server_options_reader()
           ^^^^^^^^^^^^^^^^^^^^^^^
  File "/Users/annieehler/.local/share/nvim/mason/packages/pyre/venv/lib/python3.11/site-packages/pyre_check/client/commands/pyre_server_options.py", line 93, in read
    return PyreServerOptions.create(
           ^^^^^^^^^^^^^^^^^^^^^^^^^
  File "/Users/annieehler/.local/share/nvim/mason/packages/pyre/venv/lib/python3.11/site-packages/pyre_check/client/commands/pyre_server_options.py", line 60, in create
    raise configuration_module.InvalidConfiguration(
pyre_check.client.configuration.exceptions.InvalidConfiguration: Invalid configuration: Cannot locate a Pyre binary to run.
2023-01-30 18:38:51,624 [PID 77973] DEBUG Using selector: KqueueSelector
2023-01-30 18:38:51,625 [PID 77973] INFO Reading Pyre server configurations...
2023-01-30 18:38:51,625 [PID 77973] INFO No binary specified, looking for `pyre.bin` in PATH
2023-01-30 18:38:51,629 [PID 77973] ERROR Uncaught error in persistent.run
Traceback (most recent call last):
  File "/Users/annieehler/.local/share/nvim/mason/packages/pyre/venv/lib/python3.11/site-packages/pyre_check/client/commands/persistent.py", line 502, in run
    return asyncio.get_event_loop().run_until_complete(
           ^^^^^^^^^^^^^^^^^^^^^^^^^^^^^^^^^^^^^^^^^^^^
  File "/Users/annieehler/.pyenv/versions/3.11.1/lib/python3.11/asyncio/base_events.py", line 653, in run_until_complete
    return future.result()
           ^^^^^^^^^^^^^^^
  File "/Users/annieehler/.local/share/nvim/mason/packages/pyre/venv/lib/python3.11/site-packages/pyre_check/client/commands/persistent.py", line 436, in run_persistent
    initial_server_options = launch_and_subscribe_handler.PyreDaemonLaunchAndSubscribeHandler.read_server_options(
                             ^^^^^^^^^^^^^^^^^^^^^^^^^^^^^^^^^^^^^^^^^^^^^^^^^^^^^^^^^^^^^^^^^^^^^^^^^^^^^^^^^^^^^
  File "/Users/annieehler/.local/share/nvim/mason/packages/pyre/venv/lib/python3.11/site-packages/pyre_check/client/commands/launch_and_subscribe_handler.py", line 120, in read_server_options
    return server_options_reader()
           ^^^^^^^^^^^^^^^^^^^^^^^
  File "/Users/annieehler/.local/share/nvim/mason/packages/pyre/venv/lib/python3.11/site-packages/pyre_check/client/commands/pyre_server_options.py", line 93, in read
    return PyreServerOptions.create(
           ^^^^^^^^^^^^^^^^^^^^^^^^^
  File "/Users/annieehler/.local/share/nvim/mason/packages/pyre/venv/lib/python3.11/site-packages/pyre_check/client/commands/pyre_server_options.py", line 60, in create
    raise configuration_module.InvalidConfiguration(
pyre_check.client.configuration.exceptions.InvalidConfiguration: Invalid configuration: Cannot locate a Pyre binary to run.
2023-01-30 18:40:06,248 [PID 78340] DEBUG Using selector: KqueueSelector
2023-01-30 18:40:06,249 [PID 78340] INFO Reading Pyre server configurations...
2023-01-30 18:40:06,249 [PID 78340] INFO No binary specified, looking for `pyre.bin` in PATH
2023-01-30 18:40:06,250 [PID 78340] ERROR Uncaught error in persistent.run
Traceback (most recent call last):
  File "/Users/annieehler/.local/share/nvim/mason/packages/pyre/venv/lib/python3.11/site-packages/pyre_check/client/commands/persistent.py", line 502, in run
    return asyncio.get_event_loop().run_until_complete(
           ^^^^^^^^^^^^^^^^^^^^^^^^^^^^^^^^^^^^^^^^^^^^
  File "/Users/annieehler/.pyenv/versions/3.11.1/lib/python3.11/asyncio/base_events.py", line 653, in run_until_complete
    return future.result()
           ^^^^^^^^^^^^^^^
  File "/Users/annieehler/.local/share/nvim/mason/packages/pyre/venv/lib/python3.11/site-packages/pyre_check/client/commands/persistent.py", line 436, in run_persistent
    initial_server_options = launch_and_subscribe_handler.PyreDaemonLaunchAndSubscribeHandler.read_server_options(
                             ^^^^^^^^^^^^^^^^^^^^^^^^^^^^^^^^^^^^^^^^^^^^^^^^^^^^^^^^^^^^^^^^^^^^^^^^^^^^^^^^^^^^^
  File "/Users/annieehler/.local/share/nvim/mason/packages/pyre/venv/lib/python3.11/site-packages/pyre_check/client/commands/launch_and_subscribe_handler.py", line 120, in read_server_options
    return server_options_reader()
           ^^^^^^^^^^^^^^^^^^^^^^^
  File "/Users/annieehler/.local/share/nvim/mason/packages/pyre/venv/lib/python3.11/site-packages/pyre_check/client/commands/pyre_server_options.py", line 93, in read
    return PyreServerOptions.create(
           ^^^^^^^^^^^^^^^^^^^^^^^^^
  File "/Users/annieehler/.local/share/nvim/mason/packages/pyre/venv/lib/python3.11/site-packages/pyre_check/client/commands/pyre_server_options.py", line 60, in create
    raise configuration_module.InvalidConfiguration(
pyre_check.client.configuration.exceptions.InvalidConfiguration: Invalid configuration: Cannot locate a Pyre binary to run.
2023-01-30 18:48:57,654 [PID 85210] DEBUG Using selector: KqueueSelector
2023-01-30 18:48:57,654 [PID 85210] INFO Reading Pyre server configurations...
2023-01-30 18:48:57,655 [PID 85210] INFO No binary specified, looking for `pyre.bin` in PATH
2023-01-30 18:48:57,656 [PID 85210] ERROR Uncaught error in persistent.run
Traceback (most recent call last):
  File "/Users/annieehler/.local/share/nvim/mason/packages/pyre/venv/lib/python3.11/site-packages/pyre_check/client/commands/persistent.py", line 502, in run
    return asyncio.get_event_loop().run_until_complete(
           ^^^^^^^^^^^^^^^^^^^^^^^^^^^^^^^^^^^^^^^^^^^^
  File "/Users/annieehler/.pyenv/versions/3.11.1/lib/python3.11/asyncio/base_events.py", line 653, in run_until_complete
    return future.result()
           ^^^^^^^^^^^^^^^
  File "/Users/annieehler/.local/share/nvim/mason/packages/pyre/venv/lib/python3.11/site-packages/pyre_check/client/commands/persistent.py", line 436, in run_persistent
    initial_server_options = launch_and_subscribe_handler.PyreDaemonLaunchAndSubscribeHandler.read_server_options(
                             ^^^^^^^^^^^^^^^^^^^^^^^^^^^^^^^^^^^^^^^^^^^^^^^^^^^^^^^^^^^^^^^^^^^^^^^^^^^^^^^^^^^^^
  File "/Users/annieehler/.local/share/nvim/mason/packages/pyre/venv/lib/python3.11/site-packages/pyre_check/client/commands/launch_and_subscribe_handler.py", line 120, in read_server_options
    return server_options_reader()
           ^^^^^^^^^^^^^^^^^^^^^^^
  File "/Users/annieehler/.local/share/nvim/mason/packages/pyre/venv/lib/python3.11/site-packages/pyre_check/client/commands/pyre_server_options.py", line 93, in read
    return PyreServerOptions.create(
           ^^^^^^^^^^^^^^^^^^^^^^^^^
  File "/Users/annieehler/.local/share/nvim/mason/packages/pyre/venv/lib/python3.11/site-packages/pyre_check/client/commands/pyre_server_options.py", line 60, in create
    raise configuration_module.InvalidConfiguration(
pyre_check.client.configuration.exceptions.InvalidConfiguration: Invalid configuration: Cannot locate a Pyre binary to run.
2023-01-30 18:49:08,591 [PID 85513] DEBUG Using selector: KqueueSelector
2023-01-30 18:49:08,591 [PID 85513] INFO Reading Pyre server configurations...
2023-01-30 18:49:08,592 [PID 85513] INFO No binary specified, looking for `pyre.bin` in PATH
2023-01-30 18:49:08,594 [PID 85513] ERROR Uncaught error in persistent.run
Traceback (most recent call last):
  File "/Users/annieehler/.local/share/nvim/mason/packages/pyre/venv/lib/python3.11/site-packages/pyre_check/client/commands/persistent.py", line 502, in run
    return asyncio.get_event_loop().run_until_complete(
           ^^^^^^^^^^^^^^^^^^^^^^^^^^^^^^^^^^^^^^^^^^^^
  File "/Users/annieehler/.pyenv/versions/3.11.1/lib/python3.11/asyncio/base_events.py", line 653, in run_until_complete
    return future.result()
           ^^^^^^^^^^^^^^^
  File "/Users/annieehler/.local/share/nvim/mason/packages/pyre/venv/lib/python3.11/site-packages/pyre_check/client/commands/persistent.py", line 436, in run_persistent
    initial_server_options = launch_and_subscribe_handler.PyreDaemonLaunchAndSubscribeHandler.read_server_options(
                             ^^^^^^^^^^^^^^^^^^^^^^^^^^^^^^^^^^^^^^^^^^^^^^^^^^^^^^^^^^^^^^^^^^^^^^^^^^^^^^^^^^^^^
  File "/Users/annieehler/.local/share/nvim/mason/packages/pyre/venv/lib/python3.11/site-packages/pyre_check/client/commands/launch_and_subscribe_handler.py", line 120, in read_server_options
    return server_options_reader()
           ^^^^^^^^^^^^^^^^^^^^^^^
  File "/Users/annieehler/.local/share/nvim/mason/packages/pyre/venv/lib/python3.11/site-packages/pyre_check/client/commands/pyre_server_options.py", line 93, in read
    return PyreServerOptions.create(
           ^^^^^^^^^^^^^^^^^^^^^^^^^
  File "/Users/annieehler/.local/share/nvim/mason/packages/pyre/venv/lib/python3.11/site-packages/pyre_check/client/commands/pyre_server_options.py", line 60, in create
    raise configuration_module.InvalidConfiguration(
pyre_check.client.configuration.exceptions.InvalidConfiguration: Invalid configuration: Cannot locate a Pyre binary to run.
2023-01-30 18:49:18,403 [PID 85557] DEBUG Using selector: KqueueSelector
2023-01-30 18:49:18,404 [PID 85557] INFO Reading Pyre server configurations...
2023-01-30 18:49:18,404 [PID 85557] INFO No binary specified, looking for `pyre.bin` in PATH
2023-01-30 18:49:18,406 [PID 85557] ERROR Uncaught error in persistent.run
Traceback (most recent call last):
  File "/Users/annieehler/.local/share/nvim/mason/packages/pyre/venv/lib/python3.11/site-packages/pyre_check/client/commands/persistent.py", line 502, in run
    return asyncio.get_event_loop().run_until_complete(
           ^^^^^^^^^^^^^^^^^^^^^^^^^^^^^^^^^^^^^^^^^^^^
  File "/Users/annieehler/.pyenv/versions/3.11.1/lib/python3.11/asyncio/base_events.py", line 653, in run_until_complete
    return future.result()
           ^^^^^^^^^^^^^^^
  File "/Users/annieehler/.local/share/nvim/mason/packages/pyre/venv/lib/python3.11/site-packages/pyre_check/client/commands/persistent.py", line 436, in run_persistent
    initial_server_options = launch_and_subscribe_handler.PyreDaemonLaunchAndSubscribeHandler.read_server_options(
                             ^^^^^^^^^^^^^^^^^^^^^^^^^^^^^^^^^^^^^^^^^^^^^^^^^^^^^^^^^^^^^^^^^^^^^^^^^^^^^^^^^^^^^
  File "/Users/annieehler/.local/share/nvim/mason/packages/pyre/venv/lib/python3.11/site-packages/pyre_check/client/commands/launch_and_subscribe_handler.py", line 120, in read_server_options
    return server_options_reader()
           ^^^^^^^^^^^^^^^^^^^^^^^
  File "/Users/annieehler/.local/share/nvim/mason/packages/pyre/venv/lib/python3.11/site-packages/pyre_check/client/commands/pyre_server_options.py", line 93, in read
    return PyreServerOptions.create(
           ^^^^^^^^^^^^^^^^^^^^^^^^^
  File "/Users/annieehler/.local/share/nvim/mason/packages/pyre/venv/lib/python3.11/site-packages/pyre_check/client/commands/pyre_server_options.py", line 60, in create
    raise configuration_module.InvalidConfiguration(
pyre_check.client.configuration.exceptions.InvalidConfiguration: Invalid configuration: Cannot locate a Pyre binary to run.
2023-01-30 18:49:22,855 [PID 85599] DEBUG Using selector: KqueueSelector
2023-01-30 18:49:22,856 [PID 85599] INFO Reading Pyre server configurations...
2023-01-30 18:49:22,856 [PID 85599] INFO No binary specified, looking for `pyre.bin` in PATH
2023-01-30 18:49:22,858 [PID 85599] ERROR Uncaught error in persistent.run
Traceback (most recent call last):
  File "/Users/annieehler/.local/share/nvim/mason/packages/pyre/venv/lib/python3.11/site-packages/pyre_check/client/commands/persistent.py", line 502, in run
    return asyncio.get_event_loop().run_until_complete(
           ^^^^^^^^^^^^^^^^^^^^^^^^^^^^^^^^^^^^^^^^^^^^
  File "/Users/annieehler/.pyenv/versions/3.11.1/lib/python3.11/asyncio/base_events.py", line 653, in run_until_complete
    return future.result()
           ^^^^^^^^^^^^^^^
  File "/Users/annieehler/.local/share/nvim/mason/packages/pyre/venv/lib/python3.11/site-packages/pyre_check/client/commands/persistent.py", line 436, in run_persistent
    initial_server_options = launch_and_subscribe_handler.PyreDaemonLaunchAndSubscribeHandler.read_server_options(
                             ^^^^^^^^^^^^^^^^^^^^^^^^^^^^^^^^^^^^^^^^^^^^^^^^^^^^^^^^^^^^^^^^^^^^^^^^^^^^^^^^^^^^^
  File "/Users/annieehler/.local/share/nvim/mason/packages/pyre/venv/lib/python3.11/site-packages/pyre_check/client/commands/launch_and_subscribe_handler.py", line 120, in read_server_options
    return server_options_reader()
           ^^^^^^^^^^^^^^^^^^^^^^^
  File "/Users/annieehler/.local/share/nvim/mason/packages/pyre/venv/lib/python3.11/site-packages/pyre_check/client/commands/pyre_server_options.py", line 93, in read
    return PyreServerOptions.create(
           ^^^^^^^^^^^^^^^^^^^^^^^^^
  File "/Users/annieehler/.local/share/nvim/mason/packages/pyre/venv/lib/python3.11/site-packages/pyre_check/client/commands/pyre_server_options.py", line 60, in create
    raise configuration_module.InvalidConfiguration(
pyre_check.client.configuration.exceptions.InvalidConfiguration: Invalid configuration: Cannot locate a Pyre binary to run.
2023-01-30 18:49:26,807 [PID 85632] DEBUG Using selector: KqueueSelector
2023-01-30 18:49:26,807 [PID 85632] INFO Reading Pyre server configurations...
2023-01-30 18:49:26,808 [PID 85632] INFO No binary specified, looking for `pyre.bin` in PATH
2023-01-30 18:49:26,810 [PID 85632] ERROR Uncaught error in persistent.run
Traceback (most recent call last):
  File "/Users/annieehler/.local/share/nvim/mason/packages/pyre/venv/lib/python3.11/site-packages/pyre_check/client/commands/persistent.py", line 502, in run
    return asyncio.get_event_loop().run_until_complete(
           ^^^^^^^^^^^^^^^^^^^^^^^^^^^^^^^^^^^^^^^^^^^^
  File "/Users/annieehler/.pyenv/versions/3.11.1/lib/python3.11/asyncio/base_events.py", line 653, in run_until_complete
    return future.result()
           ^^^^^^^^^^^^^^^
  File "/Users/annieehler/.local/share/nvim/mason/packages/pyre/venv/lib/python3.11/site-packages/pyre_check/client/commands/persistent.py", line 436, in run_persistent
    initial_server_options = launch_and_subscribe_handler.PyreDaemonLaunchAndSubscribeHandler.read_server_options(
                             ^^^^^^^^^^^^^^^^^^^^^^^^^^^^^^^^^^^^^^^^^^^^^^^^^^^^^^^^^^^^^^^^^^^^^^^^^^^^^^^^^^^^^
  File "/Users/annieehler/.local/share/nvim/mason/packages/pyre/venv/lib/python3.11/site-packages/pyre_check/client/commands/launch_and_subscribe_handler.py", line 120, in read_server_options
    return server_options_reader()
           ^^^^^^^^^^^^^^^^^^^^^^^
  File "/Users/annieehler/.local/share/nvim/mason/packages/pyre/venv/lib/python3.11/site-packages/pyre_check/client/commands/pyre_server_options.py", line 93, in read
    return PyreServerOptions.create(
           ^^^^^^^^^^^^^^^^^^^^^^^^^
  File "/Users/annieehler/.local/share/nvim/mason/packages/pyre/venv/lib/python3.11/site-packages/pyre_check/client/commands/pyre_server_options.py", line 60, in create
    raise configuration_module.InvalidConfiguration(
pyre_check.client.configuration.exceptions.InvalidConfiguration: Invalid configuration: Cannot locate a Pyre binary to run.
2023-01-30 18:50:08,413 [PID 85780] DEBUG Using selector: KqueueSelector
2023-01-30 18:50:08,413 [PID 85780] INFO Reading Pyre server configurations...
2023-01-30 18:50:08,414 [PID 85780] INFO No binary specified, looking for `pyre.bin` in PATH
2023-01-30 18:50:08,416 [PID 85780] ERROR Uncaught error in persistent.run
Traceback (most recent call last):
  File "/Users/annieehler/.local/share/nvim/mason/packages/pyre/venv/lib/python3.11/site-packages/pyre_check/client/commands/persistent.py", line 502, in run
    return asyncio.get_event_loop().run_until_complete(
           ^^^^^^^^^^^^^^^^^^^^^^^^^^^^^^^^^^^^^^^^^^^^
  File "/Users/annieehler/.pyenv/versions/3.11.1/lib/python3.11/asyncio/base_events.py", line 653, in run_until_complete
    return future.result()
           ^^^^^^^^^^^^^^^
  File "/Users/annieehler/.local/share/nvim/mason/packages/pyre/venv/lib/python3.11/site-packages/pyre_check/client/commands/persistent.py", line 436, in run_persistent
    initial_server_options = launch_and_subscribe_handler.PyreDaemonLaunchAndSubscribeHandler.read_server_options(
                             ^^^^^^^^^^^^^^^^^^^^^^^^^^^^^^^^^^^^^^^^^^^^^^^^^^^^^^^^^^^^^^^^^^^^^^^^^^^^^^^^^^^^^
  File "/Users/annieehler/.local/share/nvim/mason/packages/pyre/venv/lib/python3.11/site-packages/pyre_check/client/commands/launch_and_subscribe_handler.py", line 120, in read_server_options
    return server_options_reader()
           ^^^^^^^^^^^^^^^^^^^^^^^
  File "/Users/annieehler/.local/share/nvim/mason/packages/pyre/venv/lib/python3.11/site-packages/pyre_check/client/commands/pyre_server_options.py", line 93, in read
    return PyreServerOptions.create(
           ^^^^^^^^^^^^^^^^^^^^^^^^^
  File "/Users/annieehler/.local/share/nvim/mason/packages/pyre/venv/lib/python3.11/site-packages/pyre_check/client/commands/pyre_server_options.py", line 60, in create
    raise configuration_module.InvalidConfiguration(
pyre_check.client.configuration.exceptions.InvalidConfiguration: Invalid configuration: Cannot locate a Pyre binary to run.
2023-01-30 18:50:23,142 [PID 85838] DEBUG Using selector: KqueueSelector
2023-01-30 18:50:23,143 [PID 85838] INFO Reading Pyre server configurations...
2023-01-30 18:50:23,143 [PID 85838] INFO No binary specified, looking for `pyre.bin` in PATH
2023-01-30 18:50:23,144 [PID 85838] ERROR Uncaught error in persistent.run
Traceback (most recent call last):
  File "/Users/annieehler/.local/share/nvim/mason/packages/pyre/venv/lib/python3.11/site-packages/pyre_check/client/commands/persistent.py", line 502, in run
    return asyncio.get_event_loop().run_until_complete(
           ^^^^^^^^^^^^^^^^^^^^^^^^^^^^^^^^^^^^^^^^^^^^
  File "/Users/annieehler/.pyenv/versions/3.11.1/lib/python3.11/asyncio/base_events.py", line 653, in run_until_complete
    return future.result()
           ^^^^^^^^^^^^^^^
  File "/Users/annieehler/.local/share/nvim/mason/packages/pyre/venv/lib/python3.11/site-packages/pyre_check/client/commands/persistent.py", line 436, in run_persistent
    initial_server_options = launch_and_subscribe_handler.PyreDaemonLaunchAndSubscribeHandler.read_server_options(
                             ^^^^^^^^^^^^^^^^^^^^^^^^^^^^^^^^^^^^^^^^^^^^^^^^^^^^^^^^^^^^^^^^^^^^^^^^^^^^^^^^^^^^^
  File "/Users/annieehler/.local/share/nvim/mason/packages/pyre/venv/lib/python3.11/site-packages/pyre_check/client/commands/launch_and_subscribe_handler.py", line 120, in read_server_options
    return server_options_reader()
           ^^^^^^^^^^^^^^^^^^^^^^^
  File "/Users/annieehler/.local/share/nvim/mason/packages/pyre/venv/lib/python3.11/site-packages/pyre_check/client/commands/pyre_server_options.py", line 93, in read
    return PyreServerOptions.create(
           ^^^^^^^^^^^^^^^^^^^^^^^^^
  File "/Users/annieehler/.local/share/nvim/mason/packages/pyre/venv/lib/python3.11/site-packages/pyre_check/client/commands/pyre_server_options.py", line 60, in create
    raise configuration_module.InvalidConfiguration(
pyre_check.client.configuration.exceptions.InvalidConfiguration: Invalid configuration: Cannot locate a Pyre binary to run.
2023-01-30 18:51:21,790 [PID 85988] DEBUG Using selector: KqueueSelector
2023-01-30 18:51:21,792 [PID 85988] INFO Reading Pyre server configurations...
2023-01-30 18:51:21,792 [PID 85988] INFO No binary specified, looking for `pyre.bin` in PATH
2023-01-30 18:51:21,793 [PID 85988] ERROR Uncaught error in persistent.run
Traceback (most recent call last):
  File "/Users/annieehler/.local/share/nvim/mason/packages/pyre/venv/lib/python3.11/site-packages/pyre_check/client/commands/persistent.py", line 502, in run
    return asyncio.get_event_loop().run_until_complete(
           ^^^^^^^^^^^^^^^^^^^^^^^^^^^^^^^^^^^^^^^^^^^^
  File "/Users/annieehler/.pyenv/versions/3.11.1/lib/python3.11/asyncio/base_events.py", line 653, in run_until_complete
    return future.result()
           ^^^^^^^^^^^^^^^
  File "/Users/annieehler/.local/share/nvim/mason/packages/pyre/venv/lib/python3.11/site-packages/pyre_check/client/commands/persistent.py", line 436, in run_persistent
    initial_server_options = launch_and_subscribe_handler.PyreDaemonLaunchAndSubscribeHandler.read_server_options(
                             ^^^^^^^^^^^^^^^^^^^^^^^^^^^^^^^^^^^^^^^^^^^^^^^^^^^^^^^^^^^^^^^^^^^^^^^^^^^^^^^^^^^^^
  File "/Users/annieehler/.local/share/nvim/mason/packages/pyre/venv/lib/python3.11/site-packages/pyre_check/client/commands/launch_and_subscribe_handler.py", line 120, in read_server_options
    return server_options_reader()
           ^^^^^^^^^^^^^^^^^^^^^^^
  File "/Users/annieehler/.local/share/nvim/mason/packages/pyre/venv/lib/python3.11/site-packages/pyre_check/client/commands/pyre_server_options.py", line 93, in read
    return PyreServerOptions.create(
           ^^^^^^^^^^^^^^^^^^^^^^^^^
  File "/Users/annieehler/.local/share/nvim/mason/packages/pyre/venv/lib/python3.11/site-packages/pyre_check/client/commands/pyre_server_options.py", line 60, in create
    raise configuration_module.InvalidConfiguration(
pyre_check.client.configuration.exceptions.InvalidConfiguration: Invalid configuration: Cannot locate a Pyre binary to run.
2023-01-30 18:51:43,603 [PID 86277] DEBUG Using selector: KqueueSelector
2023-01-30 18:51:43,604 [PID 86277] INFO Reading Pyre server configurations...
2023-01-30 18:51:43,604 [PID 86277] INFO No binary specified, looking for `pyre.bin` in PATH
2023-01-30 18:51:43,605 [PID 86277] ERROR Uncaught error in persistent.run
Traceback (most recent call last):
  File "/Users/annieehler/.local/share/nvim/mason/packages/pyre/venv/lib/python3.11/site-packages/pyre_check/client/commands/persistent.py", line 502, in run
    return asyncio.get_event_loop().run_until_complete(
           ^^^^^^^^^^^^^^^^^^^^^^^^^^^^^^^^^^^^^^^^^^^^
  File "/Users/annieehler/.pyenv/versions/3.11.1/lib/python3.11/asyncio/base_events.py", line 653, in run_until_complete
    return future.result()
           ^^^^^^^^^^^^^^^
  File "/Users/annieehler/.local/share/nvim/mason/packages/pyre/venv/lib/python3.11/site-packages/pyre_check/client/commands/persistent.py", line 436, in run_persistent
    initial_server_options = launch_and_subscribe_handler.PyreDaemonLaunchAndSubscribeHandler.read_server_options(
                             ^^^^^^^^^^^^^^^^^^^^^^^^^^^^^^^^^^^^^^^^^^^^^^^^^^^^^^^^^^^^^^^^^^^^^^^^^^^^^^^^^^^^^
  File "/Users/annieehler/.local/share/nvim/mason/packages/pyre/venv/lib/python3.11/site-packages/pyre_check/client/commands/launch_and_subscribe_handler.py", line 120, in read_server_options
    return server_options_reader()
           ^^^^^^^^^^^^^^^^^^^^^^^
  File "/Users/annieehler/.local/share/nvim/mason/packages/pyre/venv/lib/python3.11/site-packages/pyre_check/client/commands/pyre_server_options.py", line 93, in read
    return PyreServerOptions.create(
           ^^^^^^^^^^^^^^^^^^^^^^^^^
  File "/Users/annieehler/.local/share/nvim/mason/packages/pyre/venv/lib/python3.11/site-packages/pyre_check/client/commands/pyre_server_options.py", line 60, in create
    raise configuration_module.InvalidConfiguration(
pyre_check.client.configuration.exceptions.InvalidConfiguration: Invalid configuration: Cannot locate a Pyre binary to run.
2023-01-30 18:51:53,466 [PID 86431] DEBUG Using selector: KqueueSelector
2023-01-30 18:51:53,466 [PID 86431] INFO Reading Pyre server configurations...
2023-01-30 18:51:53,466 [PID 86431] INFO No binary specified, looking for `pyre.bin` in PATH
2023-01-30 18:51:53,468 [PID 86431] ERROR Uncaught error in persistent.run
Traceback (most recent call last):
  File "/Users/annieehler/.local/share/nvim/mason/packages/pyre/venv/lib/python3.11/site-packages/pyre_check/client/commands/persistent.py", line 502, in run
    return asyncio.get_event_loop().run_until_complete(
           ^^^^^^^^^^^^^^^^^^^^^^^^^^^^^^^^^^^^^^^^^^^^
  File "/Users/annieehler/.pyenv/versions/3.11.1/lib/python3.11/asyncio/base_events.py", line 653, in run_until_complete
    return future.result()
           ^^^^^^^^^^^^^^^
  File "/Users/annieehler/.local/share/nvim/mason/packages/pyre/venv/lib/python3.11/site-packages/pyre_check/client/commands/persistent.py", line 436, in run_persistent
    initial_server_options = launch_and_subscribe_handler.PyreDaemonLaunchAndSubscribeHandler.read_server_options(
                             ^^^^^^^^^^^^^^^^^^^^^^^^^^^^^^^^^^^^^^^^^^^^^^^^^^^^^^^^^^^^^^^^^^^^^^^^^^^^^^^^^^^^^
  File "/Users/annieehler/.local/share/nvim/mason/packages/pyre/venv/lib/python3.11/site-packages/pyre_check/client/commands/launch_and_subscribe_handler.py", line 120, in read_server_options
    return server_options_reader()
           ^^^^^^^^^^^^^^^^^^^^^^^
  File "/Users/annieehler/.local/share/nvim/mason/packages/pyre/venv/lib/python3.11/site-packages/pyre_check/client/commands/pyre_server_options.py", line 93, in read
    return PyreServerOptions.create(
           ^^^^^^^^^^^^^^^^^^^^^^^^^
  File "/Users/annieehler/.local/share/nvim/mason/packages/pyre/venv/lib/python3.11/site-packages/pyre_check/client/commands/pyre_server_options.py", line 60, in create
    raise configuration_module.InvalidConfiguration(
pyre_check.client.configuration.exceptions.InvalidConfiguration: Invalid configuration: Cannot locate a Pyre binary to run.
2023-01-30 18:52:03,657 [PID 86604] DEBUG Using selector: KqueueSelector
2023-01-30 18:52:03,657 [PID 86604] INFO Reading Pyre server configurations...
2023-01-30 18:52:03,658 [PID 86604] INFO No binary specified, looking for `pyre.bin` in PATH
2023-01-30 18:52:03,660 [PID 86604] ERROR Uncaught error in persistent.run
Traceback (most recent call last):
  File "/Users/annieehler/.local/share/nvim/mason/packages/pyre/venv/lib/python3.11/site-packages/pyre_check/client/commands/persistent.py", line 502, in run
    return asyncio.get_event_loop().run_until_complete(
           ^^^^^^^^^^^^^^^^^^^^^^^^^^^^^^^^^^^^^^^^^^^^
  File "/Users/annieehler/.pyenv/versions/3.11.1/lib/python3.11/asyncio/base_events.py", line 653, in run_until_complete
    return future.result()
           ^^^^^^^^^^^^^^^
  File "/Users/annieehler/.local/share/nvim/mason/packages/pyre/venv/lib/python3.11/site-packages/pyre_check/client/commands/persistent.py", line 436, in run_persistent
    initial_server_options = launch_and_subscribe_handler.PyreDaemonLaunchAndSubscribeHandler.read_server_options(
                             ^^^^^^^^^^^^^^^^^^^^^^^^^^^^^^^^^^^^^^^^^^^^^^^^^^^^^^^^^^^^^^^^^^^^^^^^^^^^^^^^^^^^^
  File "/Users/annieehler/.local/share/nvim/mason/packages/pyre/venv/lib/python3.11/site-packages/pyre_check/client/commands/launch_and_subscribe_handler.py", line 120, in read_server_options
    return server_options_reader()
           ^^^^^^^^^^^^^^^^^^^^^^^
  File "/Users/annieehler/.local/share/nvim/mason/packages/pyre/venv/lib/python3.11/site-packages/pyre_check/client/commands/pyre_server_options.py", line 93, in read
    return PyreServerOptions.create(
           ^^^^^^^^^^^^^^^^^^^^^^^^^
  File "/Users/annieehler/.local/share/nvim/mason/packages/pyre/venv/lib/python3.11/site-packages/pyre_check/client/commands/pyre_server_options.py", line 60, in create
    raise configuration_module.InvalidConfiguration(
pyre_check.client.configuration.exceptions.InvalidConfiguration: Invalid configuration: Cannot locate a Pyre binary to run.
2023-01-30 18:52:08,715 [PID 86637] DEBUG Using selector: KqueueSelector
2023-01-30 18:52:08,715 [PID 86637] INFO Reading Pyre server configurations...
2023-01-30 18:52:08,716 [PID 86637] INFO No binary specified, looking for `pyre.bin` in PATH
2023-01-30 18:52:08,717 [PID 86637] ERROR Uncaught error in persistent.run
Traceback (most recent call last):
  File "/Users/annieehler/.local/share/nvim/mason/packages/pyre/venv/lib/python3.11/site-packages/pyre_check/client/commands/persistent.py", line 502, in run
    return asyncio.get_event_loop().run_until_complete(
           ^^^^^^^^^^^^^^^^^^^^^^^^^^^^^^^^^^^^^^^^^^^^
  File "/Users/annieehler/.pyenv/versions/3.11.1/lib/python3.11/asyncio/base_events.py", line 653, in run_until_complete
    return future.result()
           ^^^^^^^^^^^^^^^
  File "/Users/annieehler/.local/share/nvim/mason/packages/pyre/venv/lib/python3.11/site-packages/pyre_check/client/commands/persistent.py", line 436, in run_persistent
    initial_server_options = launch_and_subscribe_handler.PyreDaemonLaunchAndSubscribeHandler.read_server_options(
                             ^^^^^^^^^^^^^^^^^^^^^^^^^^^^^^^^^^^^^^^^^^^^^^^^^^^^^^^^^^^^^^^^^^^^^^^^^^^^^^^^^^^^^
  File "/Users/annieehler/.local/share/nvim/mason/packages/pyre/venv/lib/python3.11/site-packages/pyre_check/client/commands/launch_and_subscribe_handler.py", line 120, in read_server_options
    return server_options_reader()
           ^^^^^^^^^^^^^^^^^^^^^^^
  File "/Users/annieehler/.local/share/nvim/mason/packages/pyre/venv/lib/python3.11/site-packages/pyre_check/client/commands/pyre_server_options.py", line 93, in read
    return PyreServerOptions.create(
           ^^^^^^^^^^^^^^^^^^^^^^^^^
  File "/Users/annieehler/.local/share/nvim/mason/packages/pyre/venv/lib/python3.11/site-packages/pyre_check/client/commands/pyre_server_options.py", line 60, in create
    raise configuration_module.InvalidConfiguration(
pyre_check.client.configuration.exceptions.InvalidConfiguration: Invalid configuration: Cannot locate a Pyre binary to run.
2023-01-30 18:52:11,697 [PID 86668] DEBUG Using selector: KqueueSelector
2023-01-30 18:52:11,698 [PID 86668] INFO Reading Pyre server configurations...
2023-01-30 18:52:11,698 [PID 86668] INFO No binary specified, looking for `pyre.bin` in PATH
2023-01-30 18:52:11,700 [PID 86668] ERROR Uncaught error in persistent.run
Traceback (most recent call last):
  File "/Users/annieehler/.local/share/nvim/mason/packages/pyre/venv/lib/python3.11/site-packages/pyre_check/client/commands/persistent.py", line 502, in run
    return asyncio.get_event_loop().run_until_complete(
           ^^^^^^^^^^^^^^^^^^^^^^^^^^^^^^^^^^^^^^^^^^^^
  File "/Users/annieehler/.pyenv/versions/3.11.1/lib/python3.11/asyncio/base_events.py", line 653, in run_until_complete
    return future.result()
           ^^^^^^^^^^^^^^^
  File "/Users/annieehler/.local/share/nvim/mason/packages/pyre/venv/lib/python3.11/site-packages/pyre_check/client/commands/persistent.py", line 436, in run_persistent
    initial_server_options = launch_and_subscribe_handler.PyreDaemonLaunchAndSubscribeHandler.read_server_options(
                             ^^^^^^^^^^^^^^^^^^^^^^^^^^^^^^^^^^^^^^^^^^^^^^^^^^^^^^^^^^^^^^^^^^^^^^^^^^^^^^^^^^^^^
  File "/Users/annieehler/.local/share/nvim/mason/packages/pyre/venv/lib/python3.11/site-packages/pyre_check/client/commands/launch_and_subscribe_handler.py", line 120, in read_server_options
    return server_options_reader()
           ^^^^^^^^^^^^^^^^^^^^^^^
  File "/Users/annieehler/.local/share/nvim/mason/packages/pyre/venv/lib/python3.11/site-packages/pyre_check/client/commands/pyre_server_options.py", line 93, in read
    return PyreServerOptions.create(
           ^^^^^^^^^^^^^^^^^^^^^^^^^
  File "/Users/annieehler/.local/share/nvim/mason/packages/pyre/venv/lib/python3.11/site-packages/pyre_check/client/commands/pyre_server_options.py", line 60, in create
    raise configuration_module.InvalidConfiguration(
pyre_check.client.configuration.exceptions.InvalidConfiguration: Invalid configuration: Cannot locate a Pyre binary to run.
2023-01-30 18:52:15,584 [PID 86708] DEBUG Using selector: KqueueSelector
2023-01-30 18:52:15,584 [PID 86708] INFO Reading Pyre server configurations...
2023-01-30 18:52:15,585 [PID 86708] INFO No binary specified, looking for `pyre.bin` in PATH
2023-01-30 18:52:15,587 [PID 86708] ERROR Uncaught error in persistent.run
Traceback (most recent call last):
  File "/Users/annieehler/.local/share/nvim/mason/packages/pyre/venv/lib/python3.11/site-packages/pyre_check/client/commands/persistent.py", line 502, in run
    return asyncio.get_event_loop().run_until_complete(
           ^^^^^^^^^^^^^^^^^^^^^^^^^^^^^^^^^^^^^^^^^^^^
  File "/Users/annieehler/.pyenv/versions/3.11.1/lib/python3.11/asyncio/base_events.py", line 653, in run_until_complete
    return future.result()
           ^^^^^^^^^^^^^^^
  File "/Users/annieehler/.local/share/nvim/mason/packages/pyre/venv/lib/python3.11/site-packages/pyre_check/client/commands/persistent.py", line 436, in run_persistent
    initial_server_options = launch_and_subscribe_handler.PyreDaemonLaunchAndSubscribeHandler.read_server_options(
                             ^^^^^^^^^^^^^^^^^^^^^^^^^^^^^^^^^^^^^^^^^^^^^^^^^^^^^^^^^^^^^^^^^^^^^^^^^^^^^^^^^^^^^
  File "/Users/annieehler/.local/share/nvim/mason/packages/pyre/venv/lib/python3.11/site-packages/pyre_check/client/commands/launch_and_subscribe_handler.py", line 120, in read_server_options
    return server_options_reader()
           ^^^^^^^^^^^^^^^^^^^^^^^
  File "/Users/annieehler/.local/share/nvim/mason/packages/pyre/venv/lib/python3.11/site-packages/pyre_check/client/commands/pyre_server_options.py", line 93, in read
    return PyreServerOptions.create(
           ^^^^^^^^^^^^^^^^^^^^^^^^^
  File "/Users/annieehler/.local/share/nvim/mason/packages/pyre/venv/lib/python3.11/site-packages/pyre_check/client/commands/pyre_server_options.py", line 60, in create
    raise configuration_module.InvalidConfiguration(
pyre_check.client.configuration.exceptions.InvalidConfiguration: Invalid configuration: Cannot locate a Pyre binary to run.
2023-01-30 18:52:19,103 [PID 86739] DEBUG Using selector: KqueueSelector
2023-01-30 18:52:19,104 [PID 86739] INFO Reading Pyre server configurations...
2023-01-30 18:52:19,104 [PID 86739] INFO No binary specified, looking for `pyre.bin` in PATH
2023-01-30 18:52:19,106 [PID 86739] ERROR Uncaught error in persistent.run
Traceback (most recent call last):
  File "/Users/annieehler/.local/share/nvim/mason/packages/pyre/venv/lib/python3.11/site-packages/pyre_check/client/commands/persistent.py", line 502, in run
    return asyncio.get_event_loop().run_until_complete(
           ^^^^^^^^^^^^^^^^^^^^^^^^^^^^^^^^^^^^^^^^^^^^
  File "/Users/annieehler/.pyenv/versions/3.11.1/lib/python3.11/asyncio/base_events.py", line 653, in run_until_complete
    return future.result()
           ^^^^^^^^^^^^^^^
  File "/Users/annieehler/.local/share/nvim/mason/packages/pyre/venv/lib/python3.11/site-packages/pyre_check/client/commands/persistent.py", line 436, in run_persistent
    initial_server_options = launch_and_subscribe_handler.PyreDaemonLaunchAndSubscribeHandler.read_server_options(
                             ^^^^^^^^^^^^^^^^^^^^^^^^^^^^^^^^^^^^^^^^^^^^^^^^^^^^^^^^^^^^^^^^^^^^^^^^^^^^^^^^^^^^^
  File "/Users/annieehler/.local/share/nvim/mason/packages/pyre/venv/lib/python3.11/site-packages/pyre_check/client/commands/launch_and_subscribe_handler.py", line 120, in read_server_options
    return server_options_reader()
           ^^^^^^^^^^^^^^^^^^^^^^^
  File "/Users/annieehler/.local/share/nvim/mason/packages/pyre/venv/lib/python3.11/site-packages/pyre_check/client/commands/pyre_server_options.py", line 93, in read
    return PyreServerOptions.create(
           ^^^^^^^^^^^^^^^^^^^^^^^^^
  File "/Users/annieehler/.local/share/nvim/mason/packages/pyre/venv/lib/python3.11/site-packages/pyre_check/client/commands/pyre_server_options.py", line 60, in create
    raise configuration_module.InvalidConfiguration(
pyre_check.client.configuration.exceptions.InvalidConfiguration: Invalid configuration: Cannot locate a Pyre binary to run.
2023-01-30 18:52:33,218 [PID 86918] DEBUG Using selector: KqueueSelector
2023-01-30 18:52:33,219 [PID 86918] INFO Reading Pyre server configurations...
2023-01-30 18:52:33,219 [PID 86918] INFO No binary specified, looking for `pyre.bin` in PATH
2023-01-30 18:52:33,220 [PID 86918] ERROR Uncaught error in persistent.run
Traceback (most recent call last):
  File "/Users/annieehler/.local/share/nvim/mason/packages/pyre/venv/lib/python3.11/site-packages/pyre_check/client/commands/persistent.py", line 502, in run
    return asyncio.get_event_loop().run_until_complete(
           ^^^^^^^^^^^^^^^^^^^^^^^^^^^^^^^^^^^^^^^^^^^^
  File "/Users/annieehler/.pyenv/versions/3.11.1/lib/python3.11/asyncio/base_events.py", line 653, in run_until_complete
    return future.result()
           ^^^^^^^^^^^^^^^
  File "/Users/annieehler/.local/share/nvim/mason/packages/pyre/venv/lib/python3.11/site-packages/pyre_check/client/commands/persistent.py", line 436, in run_persistent
    initial_server_options = launch_and_subscribe_handler.PyreDaemonLaunchAndSubscribeHandler.read_server_options(
                             ^^^^^^^^^^^^^^^^^^^^^^^^^^^^^^^^^^^^^^^^^^^^^^^^^^^^^^^^^^^^^^^^^^^^^^^^^^^^^^^^^^^^^
  File "/Users/annieehler/.local/share/nvim/mason/packages/pyre/venv/lib/python3.11/site-packages/pyre_check/client/commands/launch_and_subscribe_handler.py", line 120, in read_server_options
    return server_options_reader()
           ^^^^^^^^^^^^^^^^^^^^^^^
  File "/Users/annieehler/.local/share/nvim/mason/packages/pyre/venv/lib/python3.11/site-packages/pyre_check/client/commands/pyre_server_options.py", line 93, in read
    return PyreServerOptions.create(
           ^^^^^^^^^^^^^^^^^^^^^^^^^
  File "/Users/annieehler/.local/share/nvim/mason/packages/pyre/venv/lib/python3.11/site-packages/pyre_check/client/commands/pyre_server_options.py", line 60, in create
    raise configuration_module.InvalidConfiguration(
pyre_check.client.configuration.exceptions.InvalidConfiguration: Invalid configuration: Cannot locate a Pyre binary to run.
2023-01-30 18:53:11,568 [PID 88087] DEBUG Using selector: KqueueSelector
2023-01-30 18:53:11,568 [PID 88087] INFO Reading Pyre server configurations...
2023-01-30 18:53:11,569 [PID 88087] INFO No binary specified, looking for `pyre.bin` in PATH
2023-01-30 18:53:11,571 [PID 88087] ERROR Uncaught error in persistent.run
Traceback (most recent call last):
  File "/Users/annieehler/.local/share/nvim/mason/packages/pyre/venv/lib/python3.11/site-packages/pyre_check/client/commands/persistent.py", line 502, in run
    return asyncio.get_event_loop().run_until_complete(
           ^^^^^^^^^^^^^^^^^^^^^^^^^^^^^^^^^^^^^^^^^^^^
  File "/Users/annieehler/.pyenv/versions/3.11.1/lib/python3.11/asyncio/base_events.py", line 653, in run_until_complete
    return future.result()
           ^^^^^^^^^^^^^^^
  File "/Users/annieehler/.local/share/nvim/mason/packages/pyre/venv/lib/python3.11/site-packages/pyre_check/client/commands/persistent.py", line 436, in run_persistent
    initial_server_options = launch_and_subscribe_handler.PyreDaemonLaunchAndSubscribeHandler.read_server_options(
                             ^^^^^^^^^^^^^^^^^^^^^^^^^^^^^^^^^^^^^^^^^^^^^^^^^^^^^^^^^^^^^^^^^^^^^^^^^^^^^^^^^^^^^
  File "/Users/annieehler/.local/share/nvim/mason/packages/pyre/venv/lib/python3.11/site-packages/pyre_check/client/commands/launch_and_subscribe_handler.py", line 120, in read_server_options
    return server_options_reader()
           ^^^^^^^^^^^^^^^^^^^^^^^
  File "/Users/annieehler/.local/share/nvim/mason/packages/pyre/venv/lib/python3.11/site-packages/pyre_check/client/commands/pyre_server_options.py", line 93, in read
    return PyreServerOptions.create(
           ^^^^^^^^^^^^^^^^^^^^^^^^^
  File "/Users/annieehler/.local/share/nvim/mason/packages/pyre/venv/lib/python3.11/site-packages/pyre_check/client/commands/pyre_server_options.py", line 60, in create
    raise configuration_module.InvalidConfiguration(
pyre_check.client.configuration.exceptions.InvalidConfiguration: Invalid configuration: Cannot locate a Pyre binary to run.
